<?xml version="1.0" encoding="UTF-8"?>
<testsuite name="PhoneBillTest" tests="19" skipped="0" failures="0" errors="0" timestamp="2023-03-27T14:16:46" hostname="LAPTOP-H0QUE6T9" time="0.15">
  <properties/>
  <testcase name="[1] 20210410150000, 20210409000000, 0.0" classname="PhoneBillTest" time="0.075"/>
  <testcase name="[2] 20210328031050, 20210328013030, 0.0" classname="PhoneBillTest" time="0.002"/>
  <testcase name="[3] 20211031025830, 20211031014059, 0.0" classname="PhoneBillTest" time="0.003"/>
  <testcase name="[4] 20210404191700, 20210404191730, 0.05" classname="PhoneBillTest" time="0.002"/>
  <testcase name="[5] 20210328015959, 20210328030030, 0.05" classname="PhoneBillTest" time="0.002"/>
  <testcase name="[6] 20211031025959, 20211031020030, 0.05" classname="PhoneBillTest" time="0.003"/>
  <testcase name="[7] 20211031015959, 20211031020030, 0.05" classname="PhoneBillTest" time="0.001"/>
  <testcase name="[8] 20210404191700, 20210404192730, 0.55" classname="PhoneBillTest" time="0.001"/>
  <testcase name="[9] 20210328015559, 20210328031530, 1.0" classname="PhoneBillTest" time="0.002"/>
  <testcase name="[10] 20211031025959, 20211031021030, 0.55" classname="PhoneBillTest" time="0.002"/>
  <testcase name="[11] 20211031015959, 20211031021030, 0.55" classname="PhoneBillTest" time="0.002"/>
  <testcase name="[12] 20200505050505, 20200505151515, 60.1" classname="PhoneBillTest" time="0.002"/>
  <testcase name="[13] 20200329000000, 20200329050000, 23.0" classname="PhoneBillTest" time="0.002"/>
  <testcase name="[14] 20200328222222, 20200329040404, 27.2" classname="PhoneBillTest" time="0.002"/>
  <testcase name="[15] 20201025013005, 20201025115555, 61.6" classname="PhoneBillTest" time="0.002"/>
  <testcase name="[16] 20201024232323, 20201025030303, 27.0" classname="PhoneBillTest" time="0.002"/>
  <testcase name="[17] 20200202020202, 20200202220203, 0.0" classname="PhoneBillTest" time="0.002"/>
  <testcase name="[18] 20200329000000, 20200330000000, 0.0" classname="PhoneBillTest" time="0.004"/>
  <testcase name="[19] 20201025013005, 20201025222222, 0.0" classname="PhoneBillTest" time="0.002"/>
  <system-out><![CDATA[通话时间输入错误，请重新输入。
通话时长：-2340
通话时间输入错误，请重新输入。
通话账单：0.0
通话开始时间：2021-04-10 15:00:00 星期六
通话结束时间：2021-04-09 00:00:00 星期五
通话时间输入错误，请重新输入。
通话时长：-100
通话时间输入错误，请重新输入。
通话账单：0.0
通话开始时间：2021-03-28 03:10:50 星期日
通话结束时间：2021-03-28 01:30:30 星期日
通话时长：-77
通话时间输入错误，请重新输入。
通话账单：0.0
通话时间输入错误，请重新输入。
通话开始时间：2021-10-31 02:58:30 星期日
通话结束时间：2021-10-31 01:40:59 星期日
通话时长：1
通话账单：0.05
通话开始时间：2021-04-04 19:17:00 星期日
通话结束时间：2021-04-04 19:17:30 星期日
通话时长：1
通话账单：0.05
通话开始时间：2021-03-28 01:59:59 星期日
通话结束时间：2021-03-28 03:00:30 星期日
通话时长：1
通话账单：0.05
通话开始时间：2021-10-31 02:59:59 星期日
通话结束时间：2021-10-31 02:00:30 星期日
通话时长：1或61
通话账单：0.05或5.1
通话开始时间：2021-10-31 01:59:59 星期日
通话结束时间：2021-10-31 02:00:30 星期日
通话时长：11
通话账单：0.55
通话开始时间：2021-04-04 19:17:00 星期日
通话结束时间：2021-04-04 19:27:30 星期日
通话时长：20
通话账单：1.0
通话开始时间：2021-03-28 01:55:59 星期日
通话结束时间：2021-03-28 03:15:30 星期日
通话时长：11
通话账单：0.55
通话开始时间：2021-10-31 02:59:59 星期日
通话结束时间：2021-10-31 02:10:30 星期日
通话时长：11或71
通话账单：0.55或6.1
通话开始时间：2021-10-31 01:59:59 星期日
通话结束时间：2021-10-31 02:10:30 星期日
通话时长：611
通话账单：60.1
通话开始时间：2020-05-05 05:05:05 星期二
通话结束时间：2020-05-05 15:15:15 星期二
通话时长：240
通话账单：23.0
通话开始时间：2020-03-29 00:00:00 星期日
通话结束时间：2020-03-29 05:00:00 星期日
通话时长：282
通话账单：27.2
通话开始时间：2020-03-28 22:22:22 星期六
通话结束时间：2020-03-29 04:04:04 星期日
通话时长：626或686
通话账单：61.6或67.6
通话开始时间：2020-10-25 01:30:05 星期日
通话结束时间：2020-10-25 11:55:55 星期日
通话时长：280
通话账单：27.0
通话开始时间：2020-10-24 23:23:23 星期六
通话结束时间：2020-10-25 03:03:03 星期日
通话时间输入错误，请重新输入。
通话时长：1201
通话时间输入错误，请重新输入。
通话账单：0.0
通话开始时间：2020-02-02 02:02:02 星期日
通话结束时间：2020-02-02 22:02:03 星期日
通话时间输入错误，请重新输入。
通话时长：1440
通话时间输入错误，请重新输入。
通话账单：0.0
通话开始时间：2020-03-29 00:00:00 星期日
通话结束时间：2020-03-30 00:00:00 星期一
通话时长：1253或1313
通话时间输入错误，请重新输入。
通话时间输入错误，请重新输入。
通话账单：0.0或0.0
通话时间输入错误，请重新输入。
通话开始时间：2020-10-25 01:30:05 星期日
通话结束时间：2020-10-25 22:22:22 星期日
]]></system-out>
  <system-err><![CDATA[]]></system-err>
</testsuite>
